<?xml version="1.0" encoding="UTF-8"?>
<testsuite xmlns:xsi="http://www.w3.org/2001/XMLSchema-instance" xsi:noNamespaceSchemaLocation="https://maven.apache.org/surefire/maven-surefire-plugin/xsd/surefire-test-report-3.0.xsd" version="3.0" name="runner.TestRunner" time="81.82" tests="67" errors="0" skipped="0" failures="0">
  <properties>
    <property name="gopherProxySet" value="false"/>
    <property name="awt.toolkit" value="sun.lwawt.macosx.LWCToolkit"/>
    <property name="file.encoding.pkg" value="sun.io"/>
    <property name="java.specification.version" value="1.8"/>
    <property name="sun.cpu.isalist" value=""/>
    <property name="sun.jnu.encoding" value="UTF-8"/>
    <property name="java.class.path" value="/Users/neelabfazly/Desktop/Neelab/target/test-classes:/Users/neelabfazly/Desktop/Neelab/target/classes:/Users/neelabfazly/.m2/repository/junit/junit/4.13/junit-4.13.jar:/Users/neelabfazly/.m2/repository/org/hamcrest/hamcrest-core/1.3/hamcrest-core-1.3.jar:/Users/neelabfazly/.m2/repository/org/seleniumhq/selenium/selenium-java/3.7.0/selenium-java-3.7.0.jar:/Users/neelabfazly/.m2/repository/org/seleniumhq/selenium/selenium-api/3.7.0/selenium-api-3.7.0.jar:/Users/neelabfazly/.m2/repository/org/seleniumhq/selenium/selenium-chrome-driver/3.7.0/selenium-chrome-driver-3.7.0.jar:/Users/neelabfazly/.m2/repository/org/seleniumhq/selenium/selenium-edge-driver/3.7.0/selenium-edge-driver-3.7.0.jar:/Users/neelabfazly/.m2/repository/org/seleniumhq/selenium/selenium-firefox-driver/3.7.0/selenium-firefox-driver-3.7.0.jar:/Users/neelabfazly/.m2/repository/org/seleniumhq/selenium/selenium-ie-driver/3.7.0/selenium-ie-driver-3.7.0.jar:/Users/neelabfazly/.m2/repository/org/seleniumhq/selenium/selenium-opera-driver/3.7.0/selenium-opera-driver-3.7.0.jar:/Users/neelabfazly/.m2/repository/org/seleniumhq/selenium/selenium-remote-driver/3.7.0/selenium-remote-driver-3.7.0.jar:/Users/neelabfazly/.m2/repository/org/seleniumhq/selenium/selenium-safari-driver/3.7.0/selenium-safari-driver-3.7.0.jar:/Users/neelabfazly/.m2/repository/org/seleniumhq/selenium/selenium-support/3.7.0/selenium-support-3.7.0.jar:/Users/neelabfazly/.m2/repository/net/bytebuddy/byte-buddy/1.7.5/byte-buddy-1.7.5.jar:/Users/neelabfazly/.m2/repository/org/apache/commons/commons-exec/1.3/commons-exec-1.3.jar:/Users/neelabfazly/.m2/repository/commons-codec/commons-codec/1.10/commons-codec-1.10.jar:/Users/neelabfazly/.m2/repository/commons-logging/commons-logging/1.2/commons-logging-1.2.jar:/Users/neelabfazly/.m2/repository/com/google/code/gson/gson/2.8.2/gson-2.8.2.jar:/Users/neelabfazly/.m2/repository/com/google/guava/guava/23.0/guava-23.0.jar:/Users/neelabfazly/.m2/repository/com/google/code/findbugs/jsr305/1.3.9/jsr305-1.3.9.jar:/Users/neelabfazly/.m2/repository/com/google/errorprone/error_prone_annotations/2.0.18/error_prone_annotations-2.0.18.jar:/Users/neelabfazly/.m2/repository/com/google/j2objc/j2objc-annotations/1.1/j2objc-annotations-1.1.jar:/Users/neelabfazly/.m2/repository/org/codehaus/mojo/animal-sniffer-annotations/1.14/animal-sniffer-annotations-1.14.jar:/Users/neelabfazly/.m2/repository/org/apache/httpcomponents/httpclient/4.5.3/httpclient-4.5.3.jar:/Users/neelabfazly/.m2/repository/org/apache/httpcomponents/httpcore/4.4.6/httpcore-4.4.6.jar:/Users/neelabfazly/.m2/repository/info/cukes/cucumber-java/1.2.5/cucumber-java-1.2.5.jar:/Users/neelabfazly/.m2/repository/info/cukes/cucumber-core/1.2.5/cucumber-core-1.2.5.jar:/Users/neelabfazly/.m2/repository/info/cukes/cucumber-html/0.2.3/cucumber-html-0.2.3.jar:/Users/neelabfazly/.m2/repository/info/cukes/gherkin/2.12.2/gherkin-2.12.2.jar:/Users/neelabfazly/.m2/repository/info/cukes/cucumber-jvm-deps/1.0.5/cucumber-jvm-deps-1.0.5.jar:/Users/neelabfazly/.m2/repository/info/cukes/cucumber-junit/1.2.5/cucumber-junit-1.2.5.jar:/Users/neelabfazly/.m2/repository/com/vimalselvam/cucumber-extentsreport/3.0.2/cucumber-extentsreport-3.0.2.jar:/Users/neelabfazly/.m2/repository/com/aventstack/extentreports/3.1.2/extentreports-3.1.2.jar:/Users/neelabfazly/.m2/repository/org/freemarker/freemarker/2.3.23/freemarker-2.3.23.jar:/Users/neelabfazly/.m2/repository/org/mongodb/mongodb-driver/3.3.0/mongodb-driver-3.3.0.jar:/Users/neelabfazly/.m2/repository/org/mongodb/bson/3.3.0/bson-3.3.0.jar:/Users/neelabfazly/.m2/repository/org/mongodb/mongodb-driver-core/3.3.0/mongodb-driver-core-3.3.0.jar:/Users/neelabfazly/.m2/repository/org/apache/httpcomponents/httpmime/4.5.2/httpmime-4.5.2.jar:/Users/neelabfazly/.m2/repository/org/jsoup/jsoup/1.9.2/jsoup-1.9.2.jar:/Users/neelabfazly/.m2/repository/org/apache/poi/poi/3.17/poi-3.17.jar:/Users/neelabfazly/.m2/repository/org/apache/commons/commons-collections4/4.1/commons-collections4-4.1.jar:/Users/neelabfazly/.m2/repository/org/apache/poi/poi-ooxml/3.17/poi-ooxml-3.17.jar:/Users/neelabfazly/.m2/repository/com/github/virtuald/curvesapi/1.04/curvesapi-1.04.jar:/Users/neelabfazly/.m2/repository/com/github/stephenc/monte/monte-screen-recorder/0.7.7.0/monte-screen-recorder-0.7.7.0.jar:/Users/neelabfazly/.m2/repository/org/apache/poi/poi-ooxml-schemas/3.9/poi-ooxml-schemas-3.9.jar:/Users/neelabfazly/.m2/repository/org/apache/xmlbeans/xmlbeans/2.3.0/xmlbeans-2.3.0.jar:/Users/neelabfazly/.m2/repository/stax/stax-api/1.0.1/stax-api-1.0.1.jar:/Users/neelabfazly/.m2/repository/org/apache/poi/poi-scratchpad/3.9/poi-scratchpad-3.9.jar:/Users/neelabfazly/.m2/repository/org/apache/poi/ooxml-schemas/1.1/ooxml-schemas-1.1.jar:/Users/neelabfazly/.m2/repository/org/apache/poi/openxml4j/1.0-beta/openxml4j-1.0-beta.jar:/Users/neelabfazly/.m2/repository/dom4j/dom4j/1.6.1/dom4j-1.6.1.jar:/Users/neelabfazly/.m2/repository/xml-apis/xml-apis/1.0.b2/xml-apis-1.0.b2.jar:/Users/neelabfazly/.m2/repository/log4j/log4j/1.2.8/log4j-1.2.8.jar:/Users/neelabfazly/.m2/repository/io/github/bonigarcia/webdrivermanager/3.6.2/webdrivermanager-3.6.2.jar:/Users/neelabfazly/.m2/repository/org/slf4j/slf4j-api/1.7.25/slf4j-api-1.7.25.jar:/Users/neelabfazly/.m2/repository/org/apache/commons/commons-lang3/3.8.1/commons-lang3-3.8.1.jar:/Users/neelabfazly/.m2/repository/org/rauschig/jarchivelib/1.0.0/jarchivelib-1.0.0.jar:/Users/neelabfazly/.m2/repository/org/apache/commons/commons-compress/1.18/commons-compress-1.18.jar:/Users/neelabfazly/.m2/repository/net/masterthought/cucumber-reporting/3.8.0/cucumber-reporting-3.8.0.jar:/Users/neelabfazly/.m2/repository/org/apache/logging/log4j/log4j-core/2.6/log4j-core-2.6.jar:/Users/neelabfazly/.m2/repository/com/fasterxml/jackson/core/jackson-databind/2.8.5/jackson-databind-2.8.5.jar:/Users/neelabfazly/.m2/repository/com/fasterxml/jackson/core/jackson-annotations/2.8.0/jackson-annotations-2.8.0.jar:/Users/neelabfazly/.m2/repository/com/fasterxml/jackson/core/jackson-core/2.8.5/jackson-core-2.8.5.jar:/Users/neelabfazly/.m2/repository/org/apache/velocity/velocity/1.7/velocity-1.7.jar:/Users/neelabfazly/.m2/repository/commons-collections/commons-collections/3.2.1/commons-collections-3.2.1.jar:/Users/neelabfazly/.m2/repository/commons-lang/commons-lang/2.4/commons-lang-2.4.jar:/Users/neelabfazly/.m2/repository/velocity-tools/velocity-tools/1.4/velocity-tools-1.4.jar:/Users/neelabfazly/.m2/repository/joda-time/joda-time/2.9.6/joda-time-2.9.6.jar:/Users/neelabfazly/.m2/repository/net/lingala/zip4j/zip4j/1.3.2/zip4j-1.3.2.jar:/Users/neelabfazly/.m2/repository/org/codehaus/plexus/plexus-utils/3.0.24/plexus-utils-3.0.24.jar:/Users/neelabfazly/.m2/repository/com/googlecode/owasp-java-html-sanitizer/owasp-java-html-sanitizer/20160924.1/owasp-java-html-sanitizer-20160924.1.jar:/Users/neelabfazly/.m2/repository/org/slf4j/slf4j-simple/1.7.12/slf4j-simple-1.7.12.jar:/Users/neelabfazly/.m2/repository/commons-io/commons-io/2.5/commons-io-2.5.jar:/Users/neelabfazly/.m2/repository/org/postgresql/postgresql/42.2.18/postgresql-42.2.18.jar:/Users/neelabfazly/.m2/repository/org/checkerframework/checker-qual/3.5.0/checker-qual-3.5.0.jar:/Users/neelabfazly/.m2/repository/com/opencsv/opencsv/3.8/opencsv-3.8.jar:/Users/neelabfazly/.m2/repository/commons-beanutils/commons-beanutils/1.9.2/commons-beanutils-1.9.2.jar:/Users/neelabfazly/.m2/repository/org/apache/logging/log4j/log4j-api/2.9.1/log4j-api-2.9.1.jar:"/>
    <property name="java.vm.vendor" value="Oracle Corporation"/>
    <property name="sun.arch.data.model" value="64"/>
    <property name="java.vendor.url" value="http://java.oracle.com/"/>
    <property name="user.timezone" value=""/>
    <property name="java.vm.specification.version" value="1.8"/>
    <property name="os.name" value="Mac OS X"/>
    <property name="user.country" value="US"/>
    <property name="sun.java.launcher" value="SUN_STANDARD"/>
    <property name="sun.boot.library.path" value="/Library/Java/JavaVirtualMachines/jdk1.8.0_261.jdk/Contents/Home/jre/lib"/>
    <property name="sun.java.command" value="/Users/neelabfazly/Desktop/Neelab/target/surefire/surefirebooter1630348069678084055.jar /Users/neelabfazly/Desktop/Neelab/target/surefire 2022-02-14T14-18-11_304-jvmRun1 surefire5507442736552204928tmp surefire_02706479028928334004tmp"/>
    <property name="http.nonProxyHosts" value="local|*.local|169.254/16|*.169.254/16"/>
    <property name="surefire.test.class.path" value="/Users/neelabfazly/Desktop/Neelab/target/test-classes:/Users/neelabfazly/Desktop/Neelab/target/classes:/Users/neelabfazly/.m2/repository/junit/junit/4.13/junit-4.13.jar:/Users/neelabfazly/.m2/repository/org/hamcrest/hamcrest-core/1.3/hamcrest-core-1.3.jar:/Users/neelabfazly/.m2/repository/org/seleniumhq/selenium/selenium-java/3.7.0/selenium-java-3.7.0.jar:/Users/neelabfazly/.m2/repository/org/seleniumhq/selenium/selenium-api/3.7.0/selenium-api-3.7.0.jar:/Users/neelabfazly/.m2/repository/org/seleniumhq/selenium/selenium-chrome-driver/3.7.0/selenium-chrome-driver-3.7.0.jar:/Users/neelabfazly/.m2/repository/org/seleniumhq/selenium/selenium-edge-driver/3.7.0/selenium-edge-driver-3.7.0.jar:/Users/neelabfazly/.m2/repository/org/seleniumhq/selenium/selenium-firefox-driver/3.7.0/selenium-firefox-driver-3.7.0.jar:/Users/neelabfazly/.m2/repository/org/seleniumhq/selenium/selenium-ie-driver/3.7.0/selenium-ie-driver-3.7.0.jar:/Users/neelabfazly/.m2/repository/org/seleniumhq/selenium/selenium-opera-driver/3.7.0/selenium-opera-driver-3.7.0.jar:/Users/neelabfazly/.m2/repository/org/seleniumhq/selenium/selenium-remote-driver/3.7.0/selenium-remote-driver-3.7.0.jar:/Users/neelabfazly/.m2/repository/org/seleniumhq/selenium/selenium-safari-driver/3.7.0/selenium-safari-driver-3.7.0.jar:/Users/neelabfazly/.m2/repository/org/seleniumhq/selenium/selenium-support/3.7.0/selenium-support-3.7.0.jar:/Users/neelabfazly/.m2/repository/net/bytebuddy/byte-buddy/1.7.5/byte-buddy-1.7.5.jar:/Users/neelabfazly/.m2/repository/org/apache/commons/commons-exec/1.3/commons-exec-1.3.jar:/Users/neelabfazly/.m2/repository/commons-codec/commons-codec/1.10/commons-codec-1.10.jar:/Users/neelabfazly/.m2/repository/commons-logging/commons-logging/1.2/commons-logging-1.2.jar:/Users/neelabfazly/.m2/repository/com/google/code/gson/gson/2.8.2/gson-2.8.2.jar:/Users/neelabfazly/.m2/repository/com/google/guava/guava/23.0/guava-23.0.jar:/Users/neelabfazly/.m2/repository/com/google/code/findbugs/jsr305/1.3.9/jsr305-1.3.9.jar:/Users/neelabfazly/.m2/repository/com/google/errorprone/error_prone_annotations/2.0.18/error_prone_annotations-2.0.18.jar:/Users/neelabfazly/.m2/repository/com/google/j2objc/j2objc-annotations/1.1/j2objc-annotations-1.1.jar:/Users/neelabfazly/.m2/repository/org/codehaus/mojo/animal-sniffer-annotations/1.14/animal-sniffer-annotations-1.14.jar:/Users/neelabfazly/.m2/repository/org/apache/httpcomponents/httpclient/4.5.3/httpclient-4.5.3.jar:/Users/neelabfazly/.m2/repository/org/apache/httpcomponents/httpcore/4.4.6/httpcore-4.4.6.jar:/Users/neelabfazly/.m2/repository/info/cukes/cucumber-java/1.2.5/cucumber-java-1.2.5.jar:/Users/neelabfazly/.m2/repository/info/cukes/cucumber-core/1.2.5/cucumber-core-1.2.5.jar:/Users/neelabfazly/.m2/repository/info/cukes/cucumber-html/0.2.3/cucumber-html-0.2.3.jar:/Users/neelabfazly/.m2/repository/info/cukes/gherkin/2.12.2/gherkin-2.12.2.jar:/Users/neelabfazly/.m2/repository/info/cukes/cucumber-jvm-deps/1.0.5/cucumber-jvm-deps-1.0.5.jar:/Users/neelabfazly/.m2/repository/info/cukes/cucumber-junit/1.2.5/cucumber-junit-1.2.5.jar:/Users/neelabfazly/.m2/repository/com/vimalselvam/cucumber-extentsreport/3.0.2/cucumber-extentsreport-3.0.2.jar:/Users/neelabfazly/.m2/repository/com/aventstack/extentreports/3.1.2/extentreports-3.1.2.jar:/Users/neelabfazly/.m2/repository/org/freemarker/freemarker/2.3.23/freemarker-2.3.23.jar:/Users/neelabfazly/.m2/repository/org/mongodb/mongodb-driver/3.3.0/mongodb-driver-3.3.0.jar:/Users/neelabfazly/.m2/repository/org/mongodb/bson/3.3.0/bson-3.3.0.jar:/Users/neelabfazly/.m2/repository/org/mongodb/mongodb-driver-core/3.3.0/mongodb-driver-core-3.3.0.jar:/Users/neelabfazly/.m2/repository/org/apache/httpcomponents/httpmime/4.5.2/httpmime-4.5.2.jar:/Users/neelabfazly/.m2/repository/org/jsoup/jsoup/1.9.2/jsoup-1.9.2.jar:/Users/neelabfazly/.m2/repository/org/apache/poi/poi/3.17/poi-3.17.jar:/Users/neelabfazly/.m2/repository/org/apache/commons/commons-collections4/4.1/commons-collections4-4.1.jar:/Users/neelabfazly/.m2/repository/org/apache/poi/poi-ooxml/3.17/poi-ooxml-3.17.jar:/Users/neelabfazly/.m2/repository/com/github/virtuald/curvesapi/1.04/curvesapi-1.04.jar:/Users/neelabfazly/.m2/repository/com/github/stephenc/monte/monte-screen-recorder/0.7.7.0/monte-screen-recorder-0.7.7.0.jar:/Users/neelabfazly/.m2/repository/org/apache/poi/poi-ooxml-schemas/3.9/poi-ooxml-schemas-3.9.jar:/Users/neelabfazly/.m2/repository/org/apache/xmlbeans/xmlbeans/2.3.0/xmlbeans-2.3.0.jar:/Users/neelabfazly/.m2/repository/stax/stax-api/1.0.1/stax-api-1.0.1.jar:/Users/neelabfazly/.m2/repository/org/apache/poi/poi-scratchpad/3.9/poi-scratchpad-3.9.jar:/Users/neelabfazly/.m2/repository/org/apache/poi/ooxml-schemas/1.1/ooxml-schemas-1.1.jar:/Users/neelabfazly/.m2/repository/org/apache/poi/openxml4j/1.0-beta/openxml4j-1.0-beta.jar:/Users/neelabfazly/.m2/repository/dom4j/dom4j/1.6.1/dom4j-1.6.1.jar:/Users/neelabfazly/.m2/repository/xml-apis/xml-apis/1.0.b2/xml-apis-1.0.b2.jar:/Users/neelabfazly/.m2/repository/log4j/log4j/1.2.8/log4j-1.2.8.jar:/Users/neelabfazly/.m2/repository/io/github/bonigarcia/webdrivermanager/3.6.2/webdrivermanager-3.6.2.jar:/Users/neelabfazly/.m2/repository/org/slf4j/slf4j-api/1.7.25/slf4j-api-1.7.25.jar:/Users/neelabfazly/.m2/repository/org/apache/commons/commons-lang3/3.8.1/commons-lang3-3.8.1.jar:/Users/neelabfazly/.m2/repository/org/rauschig/jarchivelib/1.0.0/jarchivelib-1.0.0.jar:/Users/neelabfazly/.m2/repository/org/apache/commons/commons-compress/1.18/commons-compress-1.18.jar:/Users/neelabfazly/.m2/repository/net/masterthought/cucumber-reporting/3.8.0/cucumber-reporting-3.8.0.jar:/Users/neelabfazly/.m2/repository/org/apache/logging/log4j/log4j-core/2.6/log4j-core-2.6.jar:/Users/neelabfazly/.m2/repository/com/fasterxml/jackson/core/jackson-databind/2.8.5/jackson-databind-2.8.5.jar:/Users/neelabfazly/.m2/repository/com/fasterxml/jackson/core/jackson-annotations/2.8.0/jackson-annotations-2.8.0.jar:/Users/neelabfazly/.m2/repository/com/fasterxml/jackson/core/jackson-core/2.8.5/jackson-core-2.8.5.jar:/Users/neelabfazly/.m2/repository/org/apache/velocity/velocity/1.7/velocity-1.7.jar:/Users/neelabfazly/.m2/repository/commons-collections/commons-collections/3.2.1/commons-collections-3.2.1.jar:/Users/neelabfazly/.m2/repository/commons-lang/commons-lang/2.4/commons-lang-2.4.jar:/Users/neelabfazly/.m2/repository/velocity-tools/velocity-tools/1.4/velocity-tools-1.4.jar:/Users/neelabfazly/.m2/repository/joda-time/joda-time/2.9.6/joda-time-2.9.6.jar:/Users/neelabfazly/.m2/repository/net/lingala/zip4j/zip4j/1.3.2/zip4j-1.3.2.jar:/Users/neelabfazly/.m2/repository/org/codehaus/plexus/plexus-utils/3.0.24/plexus-utils-3.0.24.jar:/Users/neelabfazly/.m2/repository/com/googlecode/owasp-java-html-sanitizer/owasp-java-html-sanitizer/20160924.1/owasp-java-html-sanitizer-20160924.1.jar:/Users/neelabfazly/.m2/repository/org/slf4j/slf4j-simple/1.7.12/slf4j-simple-1.7.12.jar:/Users/neelabfazly/.m2/repository/commons-io/commons-io/2.5/commons-io-2.5.jar:/Users/neelabfazly/.m2/repository/org/postgresql/postgresql/42.2.18/postgresql-42.2.18.jar:/Users/neelabfazly/.m2/repository/org/checkerframework/checker-qual/3.5.0/checker-qual-3.5.0.jar:/Users/neelabfazly/.m2/repository/com/opencsv/opencsv/3.8/opencsv-3.8.jar:/Users/neelabfazly/.m2/repository/commons-beanutils/commons-beanutils/1.9.2/commons-beanutils-1.9.2.jar:/Users/neelabfazly/.m2/repository/org/apache/logging/log4j/log4j-api/2.9.1/log4j-api-2.9.1.jar:"/>
    <property name="sun.cpu.endian" value="little"/>
    <property name="user.home" value="/Users/neelabfazly"/>
    <property name="user.language" value="en"/>
    <property name="java.specification.vendor" value="Oracle Corporation"/>
    <property name="java.home" value="/Library/Java/JavaVirtualMachines/jdk1.8.0_261.jdk/Contents/Home/jre"/>
    <property name="basedir" value="/Users/neelabfazly/Desktop/Neelab"/>
    <property name="file.separator" value="/"/>
    <property name="line.separator" value="&#10;"/>
    <property name="java.vm.specification.vendor" value="Oracle Corporation"/>
    <property name="java.specification.name" value="Java Platform API Specification"/>
    <property name="java.awt.graphicsenv" value="sun.awt.CGraphicsEnvironment"/>
    <property name="surefire.real.class.path" value="/Users/neelabfazly/Desktop/Neelab/target/surefire/surefirebooter1630348069678084055.jar"/>
    <property name="sun.boot.class.path" value="/Library/Java/JavaVirtualMachines/jdk1.8.0_261.jdk/Contents/Home/jre/lib/resources.jar:/Library/Java/JavaVirtualMachines/jdk1.8.0_261.jdk/Contents/Home/jre/lib/rt.jar:/Library/Java/JavaVirtualMachines/jdk1.8.0_261.jdk/Contents/Home/jre/lib/sunrsasign.jar:/Library/Java/JavaVirtualMachines/jdk1.8.0_261.jdk/Contents/Home/jre/lib/jsse.jar:/Library/Java/JavaVirtualMachines/jdk1.8.0_261.jdk/Contents/Home/jre/lib/jce.jar:/Library/Java/JavaVirtualMachines/jdk1.8.0_261.jdk/Contents/Home/jre/lib/charsets.jar:/Library/Java/JavaVirtualMachines/jdk1.8.0_261.jdk/Contents/Home/jre/lib/jfr.jar:/Library/Java/JavaVirtualMachines/jdk1.8.0_261.jdk/Contents/Home/jre/classes"/>
    <property name="sun.management.compiler" value="HotSpot 64-Bit Tiered Compilers"/>
    <property name="ftp.nonProxyHosts" value="local|*.local|169.254/16|*.169.254/16"/>
    <property name="java.runtime.version" value="1.8.0_261-b12"/>
    <property name="user.name" value="neelabfazly"/>
    <property name="path.separator" value=":"/>
    <property name="os.version" value="10.14.6"/>
    <property name="java.endorsed.dirs" value="/Library/Java/JavaVirtualMachines/jdk1.8.0_261.jdk/Contents/Home/jre/lib/endorsed"/>
    <property name="java.runtime.name" value="Java(TM) SE Runtime Environment"/>
    <property name="file.encoding" value="UTF-8"/>
    <property name="java.vm.name" value="Java HotSpot(TM) 64-Bit Server VM"/>
    <property name="localRepository" value="/Users/neelabfazly/.m2/repository"/>
    <property name="java.vendor.url.bug" value="http://bugreport.sun.com/bugreport/"/>
    <property name="java.io.tmpdir" value="/var/folders/yn/kyx5m4dd7gv88638rk39yv6r0000gn/T/"/>
    <property name="java.version" value="1.8.0_261"/>
    <property name="user.dir" value="/Users/neelabfazly/Desktop/Neelab"/>
    <property name="os.arch" value="x86_64"/>
    <property name="java.vm.specification.name" value="Java Virtual Machine Specification"/>
    <property name="java.awt.printerjob" value="sun.lwawt.macosx.CPrinterJob"/>
    <property name="sun.os.patch.level" value="unknown"/>
    <property name="java.library.path" value="/Users/neelabfazly/Library/Java/Extensions:/Library/Java/Extensions:/Network/Library/Java/Extensions:/System/Library/Java/Extensions:/usr/lib/java:."/>
    <property name="java.vm.info" value="mixed mode"/>
    <property name="java.vendor" value="Oracle Corporation"/>
    <property name="java.vm.version" value="25.261-b12"/>
    <property name="java.ext.dirs" value="/Users/neelabfazly/Library/Java/Extensions:/Library/Java/JavaVirtualMachines/jdk1.8.0_261.jdk/Contents/Home/jre/lib/ext:/Library/Java/Extensions:/Network/Library/Java/Extensions:/System/Library/Java/Extensions:/usr/lib/java"/>
    <property name="sun.io.unicode.encoding" value="UnicodeBig"/>
    <property name="java.class.version" value="52.0"/>
    <property name="socksNonProxyHosts" value="local|*.local|169.254/16|*.169.254/16"/>
  </properties>
  <testcase name="Given User is on Retail website" classname="Scenario: Add and Remove a Mac Book from Cart" time="0.002"/>
  <testcase name="When User click on Laptop &amp; NoteBook tab" classname="Scenario: Add and Remove a Mac Book from Cart" time="0"/>
  <testcase name="And User click on Show all Laptop &amp; NoteBook option" classname="Scenario: Add and Remove a Mac Book from Cart" time="0"/>
  <testcase name="And User click on MacBook item" classname="Scenario: Add and Remove a Mac Book from Cart" time="0"/>
  <testcase name="And User clickadd to Cart button" classname="Scenario: Add and Remove a Mac Book from Cart" time="0.001"/>
  <testcase name="Then User should see a message ‘Success: You have added MacBook to your shopping cart!’" classname="Scenario: Add and Remove a Mac Book from Cart" time="0"/>
  <testcase name="And User should see ‘1tem(s)-602.00’showed to the cart" classname="Scenario: Add and Remove a Mac Book from Cart" time="0"/>
  <testcase name="And User click on cart option" classname="Scenario: Add and Remove a Mac Book from Cart" time="0"/>
  <testcase name="And User click on red X button to remove the item from cart" classname="Scenario: Add and Remove a Mac Book from Cart" time="0"/>
  <testcase name="Then item should be removed and cartshould show ‘0 item(s)’" classname="Scenario: Add and Remove a Mac Book from Cart" time="0"/>
  <testcase name="Scenario: Add and Remove a Mac Book from Cart" classname="Scenario: Add and Remove a Mac Book from Cart" time="0.268"/>
  <testcase name="Given User is on Retail website" classname="Scenario: Product Comparison" time="0"/>
  <testcase name="When User click on Laptop &amp; NoteBook tab" classname="Scenario: Product Comparison" time="0"/>
  <testcase name="And User click on Show all Laptop &amp; NoteBook option" classname="Scenario: Product Comparison" time="0"/>
  <testcase name="And User click on product comparison icon on ‘MacBook’" classname="Scenario: Product Comparison" time="0"/>
  <testcase name="And User click on product comparison icon on ‘MacBook Air" classname="Scenario: Product Comparison" time="0"/>
  <testcase name="Then User should see a message ‘Success: You have added MacBook Air to your product comparison!’" classname="Scenario: Product Comparison" time="0"/>
  <testcase name="And User click on Product comparison link" classname="Scenario: Product Comparison" time="0"/>
  <testcase name="Then User should see Product Comparison Chart" classname="Scenario: Product Comparison" time="0.001"/>
  <testcase name="Scenario: Product Comparison" classname="Scenario: Product Comparison" time="0.135"/>
  <testcase name="Given User is on Retail website" classname="Scenario: Adding and item to Wish list" time="0"/>
  <testcase name="When User click on Laptop &amp; NoteBook tab" classname="Scenario: Adding and item to Wish list" time="0"/>
  <testcase name="And User click on Show all Laptop &amp; NoteBook option" classname="Scenario: Adding and item to Wish list" time="0"/>
  <testcase name="And User click on heart icon to add ‘Sony VaIO’laptop to wish list" classname="Scenario: Adding and item to Wish list" time="0"/>
  <testcase name="Then User should get a message ‘You must login or create an account to save Sony VAIO to your wish list!’" classname="Scenario: Adding and item to Wish list" time="0"/>
  <testcase name="Scenario: Adding and item to Wish list" classname="Scenario: Adding and item to Wish list" time="0.179"/>
  <testcase name="Given User is on Retail website" classname="Scenario: Validate the price of MacBook Pro is 2000" time="0"/>
  <testcase name="When User click on Laptop &amp; NoteBook tab" classname="Scenario: Validate the price of MacBook Pro is 2000" time="0"/>
  <testcase name="And User click on Show all Laptop &amp; NoteBook option" classname="Scenario: Validate the price of MacBook Pro is 2000" time="0"/>
  <testcase name="And User click on ‘MacBook Pro’item" classname="Scenario: Validate the price of MacBook Pro is 2000" time="0"/>
  <testcase name="Then User should see ‘$2,000.00’price tag is present on UI." classname="Scenario: Validate the price of MacBook Pro is 2000" time="0"/>
  <testcase name="Scenario: Validate the price of MacBook Pro is 2000" classname="Scenario: Validate the price of MacBook Pro is 2000" time="0.335"/>
  <testcase name="Given User is on Retail website" classname="Scenario: Register as an Affiliate userwith Cheque Payment Method" time="0.001"/>
  <testcase name="And User click on MyAccount" classname="Scenario: Register as an Affiliate userwith Cheque Payment Method" time="0"/>
  <testcase name="When User click on Login" classname="Scenario: Register as an Affiliate userwith Cheque Payment Method" time="0"/>
  <testcase name="And User enter username &apos;neelab.fazly786@gmail.com&apos; and password &apos;FakePass123&apos;" classname="Scenario: Register as an Affiliate userwith Cheque Payment Method" time="0"/>
  <testcase name="And User click on Login button" classname="Scenario: Register as an Affiliate userwith Cheque Payment Method" time="0"/>
  <testcase name="Then User should be logged in to MyAccount dashboard" classname="Scenario: Register as an Affiliate userwith Cheque Payment Method" time="0"/>
  <testcase name="When User click on‘Register for an Affiliate Account’link" classname="Scenario: Register as an Affiliate userwith Cheque Payment Method" time="0"/>
  <testcase name="And User fill affiliate form with below information" classname="Scenario: Register as an Affiliate userwith Cheque Payment Method" time="0"/>
  <testcase name="And User check on About us check box" classname="Scenario: Register as an Affiliate userwith Cheque Payment Method" time="0"/>
  <testcase name="And User click on Continue button" classname="Scenario: Register as an Affiliate userwith Cheque Payment Method" time="0"/>
  <testcase name="Then User should see a success message" classname="Scenario: Register as an Affiliate userwith Cheque Payment Method" time="0"/>
  <testcase name="Scenario: Register as an Affiliate userwith Cheque Payment Method" classname="Scenario: Register as an Affiliate userwith Cheque Payment Method" time="0.144"/>
  <testcase name="Given User is on Retail website" classname="Scenario: Edit your affiliate information from Cheque payment method to Bank Transfer" time="0"/>
  <testcase name="And User click on MyAccount" classname="Scenario: Edit your affiliate information from Cheque payment method to Bank Transfer" time="0"/>
  <testcase name="When User click on Login" classname="Scenario: Edit your affiliate information from Cheque payment method to Bank Transfer" time="0"/>
  <testcase name="And User enter username &apos;neelab.fazly786@gmail.com&apos; and password &apos;FakePass123&apos;" classname="Scenario: Edit your affiliate information from Cheque payment method to Bank Transfer" time="0"/>
  <testcase name="And User click on Login button" classname="Scenario: Edit your affiliate information from Cheque payment method to Bank Transfer" time="0.001"/>
  <testcase name="Then User should be logged in to MyAccount dashboard" classname="Scenario: Edit your affiliate information from Cheque payment method to Bank Transfer" time="0"/>
  <testcase name="When User click on‘Edit your affiliate informationlink" classname="Scenario: Edit your affiliate information from Cheque payment method to Bank Transfer" time="0"/>
  <testcase name="And user click on Bank Transfer radio button" classname="Scenario: Edit your affiliate information from Cheque payment method to Bank Transfer" time="0"/>
  <testcase name="And User fill Bank information with below information" classname="Scenario: Edit your affiliate information from Cheque payment method to Bank Transfer" time="0"/>
  <testcase name="And User click on Continue AffiliateButton" classname="Scenario: Edit your affiliate information from Cheque payment method to Bank Transfer" time="0"/>
  <testcase name="Then User should see a success message" classname="Scenario: Edit your affiliate information from Cheque payment method to Bank Transfer" time="0"/>
  <testcase name="Scenario: Edit your affiliate information from Cheque payment method to Bank Transfer" classname="Scenario: Edit your affiliate information from Cheque payment method to Bank Transfer" time="0.157"/>
  <testcase name="Given User is on Retail website" classname="Scenario: Edit your account Information" time="0"/>
  <testcase name="And User click on MyAccount" classname="Scenario: Edit your account Information" time="0"/>
  <testcase name="When User click on Login" classname="Scenario: Edit your account Information" time="0"/>
  <testcase name="And User enter username &apos;neelab.fazly786@gmail.com&apos; and password &apos;FakePass123&apos;" classname="Scenario: Edit your account Information" time="0"/>
  <testcase name="And User click on Login button" classname="Scenario: Edit your account Information" time="0"/>
  <testcase name="Then User should be logged in to MyAccount dashboard" classname="Scenario: Edit your account Information" time="0.001"/>
  <testcase name="When User click on‘Edit your account information’ link" classname="Scenario: Edit your account Information" time="0"/>
  <testcase name="And User modify below information" classname="Scenario: Edit your account Information" time="0"/>
  <testcase name="And User click on continue button" classname="Scenario: Edit your account Information" time="0"/>
  <testcase name="Then User should seea message ‘Success: Your account has been successfully updated.’" classname="Scenario: Edit your account Information" time="0"/>
  <testcase name="Scenario: Edit your account Information" classname="Scenario: Edit your account Information" time="0.137"/>
</testsuite>